current directory: /app/vnedor/bundle/ruby/3.4.0/gems/date-3.4.1/ext/date
/usr/local/bin/ruby extconf.rb
checking for rb_category_warn()... yes
checking for timezone in time.h with -Werror... yes
checking for altzone in time.h with -Werror... no
creating Makefile

current directory: /app/vnedor/bundle/ruby/3.4.0/gems/date-3.4.1/ext/date
make DESTDIR\= sitearchdir\=./.gem.20250828-1-lu552y sitelibdir\=./.gem.20250828-1-lu552y clean

current directory: /app/vnedor/bundle/ruby/3.4.0/gems/date-3.4.1/ext/date
make DESTDIR\= sitearchdir\=./.gem.20250828-1-lu552y sitelibdir\=./.gem.20250828-1-lu552y
compiling date_core.c
compiling date_parse.c
compiling date_strftime.c
compiling date_strptime.c
linking shared-object date_core.so

current directory: /app/vnedor/bundle/ruby/3.4.0/gems/date-3.4.1/ext/date
make DESTDIR\= sitearchdir\=./.gem.20250828-1-lu552y sitelibdir\=./.gem.20250828-1-lu552y install
/usr/bin/install -c -m 0755 date_core.so ./.gem.20250828-1-lu552y

current directory: /app/vnedor/bundle/ruby/3.4.0/gems/date-3.4.1/ext/date
make DESTDIR\= sitearchdir\=./.gem.20250828-1-lu552y sitelibdir\=./.gem.20250828-1-lu552y clean
